<?xml version="1.0" encoding="UTF-8"?>
<!-- Generated by org.testng.reporters.JUnitReportReporter -->
<testsuite hostname="np-sadekunle" name="Cashier.WithDrawTest" tests="1" failures="0" timestamp="22 Jun 2015 14:52:57 GMT" time="21.029" errors="0">
  <testcase name="PomotionTest" time="21.029" classname="Cashier.WithDrawTest"/>
</testsuite> <!-- Cashier.WithDrawTest -->
