<?xml version="1.0" encoding="UTF-8"?>
<!-- Generated by org.testng.reporters.JUnitReportReporter -->
<testsuite hostname="np-sadekunle" name="Casino.GettingStarted" tests="1" failures="0" timestamp="19 Mar 2015 13:02:30 GMT" time="11.955" errors="0">
  <testcase name="VIPTest" time="11.955" classname="Casino.GettingStarted"/>
</testsuite> <!-- Casino.GettingStarted -->
