<?xml version="1.0" encoding="UTF-8"?>
<!-- Generated by org.testng.reporters.JUnitReportReporter -->
<testsuite name="CORE_SUITE.RegistrationTest" tests="12" time="371.505" ignored="11" failures="0" timestamp="23 Mar 2017 20:02:57 GMT" skipped="0" hostname="NP-SADEKUNLE" errors="0">
  <testcase name="RegistrationTest" time="22.607" classname="CORE_SUITE.RegistrationTest"/>
  <testcase name="RegistrationTest" time="23.779" classname="CORE_SUITE.RegistrationTest"/>
  <testcase name="RegistrationTest" time="37.614" classname="CORE_SUITE.RegistrationTest"/>
  <testcase name="RegistrationTest" time="34.834" classname="CORE_SUITE.RegistrationTest"/>
  <testcase name="RegistrationTest" time="24.207" classname="CORE_SUITE.RegistrationTest"/>
  <testcase name="RegistrationTest" time="27.722" classname="CORE_SUITE.RegistrationTest"/>
  <testcase name="RegistrationTest" time="36.214" classname="CORE_SUITE.RegistrationTest"/>
  <testcase name="RegistrationTest" time="28.050" classname="CORE_SUITE.RegistrationTest"/>
  <testcase name="RegistrationTest" time="29.229" classname="CORE_SUITE.RegistrationTest"/>
  <testcase name="RegistrationTest" time="41.009" classname="CORE_SUITE.RegistrationTest"/>
  <testcase name="RegistrationTest" time="28.642" classname="CORE_SUITE.RegistrationTest"/>
  <testcase name="RegistrationTest" time="37.598" classname="CORE_SUITE.RegistrationTest"/>
  <testcase name="DepositLimitTest" classname="Cashier.AccountSummaryTest">
    <skipped/>
  </testcase> <!-- DepositLimitTest -->
  <testcase name="SelfExclusiontest" classname="Cashier.AccountSummaryTest">
    <skipped/>
  </testcase> <!-- SelfExclusiontest -->
  <testcase name="TimeoutOptionTest" classname="Cashier.AccountSummaryTest">
    <skipped/>
  </testcase> <!-- TimeoutOptionTest -->
  <testcase name="TransactionsTest" classname="Cashier.AccountSummary2Test">
    <skipped/>
  </testcase> <!-- TransactionsTest -->
  <testcase name="Wageringest" classname="Casino.PromotionTest">
    <skipped/>
  </testcase> <!-- Wageringest -->
  <testcase name="TermTest" classname="Casino.GamesLunchTest">
    <skipped/>
  </testcase> <!-- TermTest -->
  <testcase name="HelpAndFAQsTest" classname="Casino.GamesLunchTest">
    <skipped/>
  </testcase> <!-- HelpAndFAQsTest -->
  <testcase name="AccountBonusestest" classname="Cashier.AccountSummary3Test">
    <skipped/>
  </testcase> <!-- AccountBonusestest -->
  <testcase name="AccountSessiontest" classname="Cashier.AccountSummary3Test">
    <skipped/>
  </testcase> <!-- AccountSessiontest -->
  <testcase name="AccountGameHistorytest" classname="Cashier.AccountSummary3Test">
    <skipped/>
  </testcase> <!-- AccountGameHistorytest -->
  <testcase name="RegisterNewCardTest" classname="Cashier.Cashier_RegisterNewCard">
    <skipped/>
  </testcase> <!-- RegisterNewCardTest -->
</testsuite> <!-- CORE_SUITE.RegistrationTest -->
