<?xml version="1.0" encoding="UTF-8"?>
<!-- Generated by org.testng.reporters.JUnitReportReporter -->
<testsuite name="CORE_SUITE.LoginTest" tests="4" time="101.008" ignored="11" failures="0" timestamp="23 Mar 2017 20:02:57 GMT" skipped="0" hostname="NP-SADEKUNLE" errors="0">
  <testcase name="loginTest" time="21.268" classname="CORE_SUITE.LoginTest"/>
  <testcase name="loginTest" time="35.874" classname="CORE_SUITE.LoginTest"/>
  <testcase name="loginTest" time="22.248" classname="CORE_SUITE.LoginTest"/>
  <testcase name="loginTest" time="21.618" classname="CORE_SUITE.LoginTest"/>
  <testcase name="DepositLimitTest" classname="Cashier.AccountSummaryTest">
    <skipped/>
  </testcase> <!-- DepositLimitTest -->
  <testcase name="SelfExclusiontest" classname="Cashier.AccountSummaryTest">
    <skipped/>
  </testcase> <!-- SelfExclusiontest -->
  <testcase name="TimeoutOptionTest" classname="Cashier.AccountSummaryTest">
    <skipped/>
  </testcase> <!-- TimeoutOptionTest -->
  <testcase name="TransactionsTest" classname="Cashier.AccountSummary2Test">
    <skipped/>
  </testcase> <!-- TransactionsTest -->
  <testcase name="Wageringest" classname="Casino.PromotionTest">
    <skipped/>
  </testcase> <!-- Wageringest -->
  <testcase name="TermTest" classname="Casino.GamesLunchTest">
    <skipped/>
  </testcase> <!-- TermTest -->
  <testcase name="HelpAndFAQsTest" classname="Casino.GamesLunchTest">
    <skipped/>
  </testcase> <!-- HelpAndFAQsTest -->
  <testcase name="AccountBonusestest" classname="Cashier.AccountSummary3Test">
    <skipped/>
  </testcase> <!-- AccountBonusestest -->
  <testcase name="AccountSessiontest" classname="Cashier.AccountSummary3Test">
    <skipped/>
  </testcase> <!-- AccountSessiontest -->
  <testcase name="AccountGameHistorytest" classname="Cashier.AccountSummary3Test">
    <skipped/>
  </testcase> <!-- AccountGameHistorytest -->
  <testcase name="RegisterNewCardTest" classname="Cashier.Cashier_RegisterNewCard">
    <skipped/>
  </testcase> <!-- RegisterNewCardTest -->
</testsuite> <!-- CORE_SUITE.LoginTest -->
